<?xml version="1.0" encoding="UTF-8"?>
<!-- Generated by org.testng.reporters.JUnitReportReporter -->
<testsuite hostname="TonyStarks" failures="0" tests="4" name="com.crm.qa.testcases.UserRegister" time="24.280" errors="0" timestamp="2023-03-18T21:37:37 IST" skipped="0">
  <testcase classname="com.crm.qa.testcases.UserRegister" name="registerPageTitleTest" time="5.008"/>
  <system-out/>
  <testcase classname="com.crm.qa.testcases.UserRegister" name="createNewAccount" time="6.822"/>
  <system-out/>
  <testcase classname="com.crm.qa.testcases.UserRegister" name="existingAccount" time="6.584"/>
  <system-out/>
  <testcase classname="com.crm.qa.testcases.UserRegister" name="passwordNotMatching" time="5.866"/>
  <system-out/>
</testsuite> <!-- com.crm.qa.testcases.UserRegister -->
