<?xml version="1.0" encoding="UTF-8"?>
<!-- Generated by org.testng.reporters.JUnitReportReporter -->
<testsuite hostname="TonyStarks" failures="0" tests="5" name="com.crm.qa.testcases.HomePageTest" time="28.738" errors="0" timestamp="2023-03-15T11:47:48 IST" skipped="0">
  <testcase classname="com.crm.qa.testcases.HomePageTest" name="shoppingOptions" time="6.665"/>
  <system-out/>
  <testcase classname="com.crm.qa.testcases.HomePageTest" name="listedItems" time="5.382"/>
  <system-out/>
  <testcase classname="com.crm.qa.testcases.HomePageTest" name="searchingItem" time="5.897"/>
  <system-out/>
  <testcase classname="com.crm.qa.testcases.HomePageTest" name="loginPageTitleTest" time="5.211"/>
  <system-out/>
  <testcase classname="com.crm.qa.testcases.HomePageTest" name="computerPurchase" time="5.583"/>
  <system-out/>
</testsuite> <!-- com.crm.qa.testcases.HomePageTest -->
