<?xml version="1.0" encoding="UTF-8"?>
<!-- Generated by org.testng.reporters.JUnitReportReporter -->
<testsuite hostname="TonyStarks" failures="0" tests="2" name="com.crm.qa.testcases.SearchPageTest" time="14.602" errors="0" timestamp="2023-03-20T09:08:13 IST" skipped="0">
  <testcase classname="com.crm.qa.testcases.SearchPageTest" name="searchPageTitle" time="7.763"/>
  <system-out/>
  <testcase classname="com.crm.qa.testcases.SearchPageTest" name="searchResultVerification" time="6.839"/>
  <system-out/>
</testsuite> <!-- com.crm.qa.testcases.SearchPageTest -->
