<?xml version="1.0" encoding="UTF-8"?>
<!-- Generated by org.testng.reporters.JUnitReportReporter -->
<testsuite hostname="TonyStarks" failures="0" tests="4" name="com.crm.qa.testcases.UserRegister" time="31.873" errors="0" timestamp="2023-03-18T11:56:46 IST" skipped="0">
  <testcase classname="com.crm.qa.testcases.UserRegister" name="registerPageTitleTest" time="5.542"/>
  <system-out/>
  <testcase classname="com.crm.qa.testcases.UserRegister" name="createNewAccount" time="9.640"/>
  <system-out/>
  <testcase classname="com.crm.qa.testcases.UserRegister" name="existingAccount" time="8.859"/>
  <system-out/>
  <testcase classname="com.crm.qa.testcases.UserRegister" name="passwordNotMatching" time="7.832"/>
  <system-out/>
</testsuite> <!-- com.crm.qa.testcases.UserRegister -->
