<?xml version="1.0" encoding="UTF-8"?>
<!-- Generated by org.testng.reporters.JUnitReportReporter -->
<testsuite hostname="TonyStarks" failures="0" tests="3" name="com.crm.qa.testcases.LoginPageTest" time="24.383" errors="0" timestamp="2023-03-18T12:03:54 IST" skipped="0">
  <testcase classname="com.crm.qa.testcases.LoginPageTest" name="loginPageTitleTest" time="7.711"/>
  <system-out/>
  <testcase classname="com.crm.qa.testcases.LoginPageTest" name="buttonPresentTest" time="5.864"/>
  <system-out/>
  <testcase classname="com.crm.qa.testcases.LoginPageTest" name="loginTest" time="10.808"/>
  <system-out/>
</testsuite> <!-- com.crm.qa.testcases.LoginPageTest -->
