<?xml version="1.0" encoding="UTF-8"?>
<!-- Generated by org.testng.reporters.JUnitReportReporter -->
<testsuite hostname="TonyStarks" failures="0" tests="5" name="com.crm.qa.testcases.HomePageTest" time="33.693" errors="0" timestamp="2023-03-18T21:37:37 IST" skipped="0">
  <testcase classname="com.crm.qa.testcases.HomePageTest" name="computerPurchase" time="7.154"/>
  <system-out/>
  <testcase classname="com.crm.qa.testcases.HomePageTest" name="shoppingOptions" time="7.297"/>
  <system-out/>
  <testcase classname="com.crm.qa.testcases.HomePageTest" name="searchingItem" time="6.706"/>
  <system-out/>
  <testcase classname="com.crm.qa.testcases.HomePageTest" name="loginPageTitleTest" time="6.254"/>
  <system-out/>
  <testcase classname="com.crm.qa.testcases.HomePageTest" name="listedItems" time="6.282"/>
  <system-out/>
</testsuite> <!-- com.crm.qa.testcases.HomePageTest -->
