<?xml version="1.0" encoding="UTF-8"?>
<!-- Generated by org.testng.reporters.JUnitReportReporter -->
<testsuite hostname="TonyStarks" failures="0" tests="4" name="com.crm.qa.testcases.SearchPageTest" time="30.844" errors="0" timestamp="2023-03-21T08:39:01 IST" skipped="0">
  <testcase classname="com.crm.qa.testcases.SearchPageTest" name="searchPageTitle" time="7.464"/>
  <system-out/>
  <testcase classname="com.crm.qa.testcases.SearchPageTest" name="searchResultVerification_1" time="6.913"/>
  <system-out/>
  <testcase classname="com.crm.qa.testcases.SearchPageTest" name="searchResultVerification_2" time="7.292"/>
  <system-out/>
  <testcase classname="com.crm.qa.testcases.SearchPageTest" name="validateView" time="9.175"/>
  <system-out/>
</testsuite> <!-- com.crm.qa.testcases.SearchPageTest -->
