<?xml version="1.0" encoding="UTF-8"?>
<!-- Generated by org.testng.reporters.JUnitReportReporter -->
<testsuite hostname="TonyStarks" failures="0" tests="3" name="com.crm.qa.testcases.LoginPageTest" time="16.127" errors="0" timestamp="2023-03-18T21:37:37 IST" skipped="0">
  <testcase classname="com.crm.qa.testcases.LoginPageTest" name="loginPageTitleTest" time="5.052"/>
  <system-out/>
  <testcase classname="com.crm.qa.testcases.LoginPageTest" name="buttonPresentTest" time="5.055"/>
  <system-out/>
  <testcase classname="com.crm.qa.testcases.LoginPageTest" name="loginTest" time="6.020"/>
  <system-out/>
</testsuite> <!-- com.crm.qa.testcases.LoginPageTest -->
