<?xml version="1.0" encoding="UTF-8"?>
<!-- Generated by org.testng.reporters.JUnitReportReporter -->
<testsuite hostname="TonyStarks" failures="0" tests="4" name="com.crm.qa.testcases.UserRegister" time="29.239" errors="0" timestamp="2023-03-18T12:04:33 IST" skipped="0">
  <testcase classname="com.crm.qa.testcases.UserRegister" name="registerPageTitleTest" time="5.564"/>
  <system-out/>
  <testcase classname="com.crm.qa.testcases.UserRegister" name="createNewAccount" time="10.180"/>
  <system-out/>
  <testcase classname="com.crm.qa.testcases.UserRegister" name="existingAccount" time="7.305"/>
  <system-out/>
  <testcase classname="com.crm.qa.testcases.UserRegister" name="passwordNotMatching" time="6.190"/>
  <system-out/>
</testsuite> <!-- com.crm.qa.testcases.UserRegister -->
